<?xml version="1.0" encoding="UTF-8"?>
<!-- Generated by org.testng.reporters.JUnitXMLReporter -->
<testsuite hostname="LAPTOP-U74TRLLP" name="Test2" tests="1" failures="1" timestamp="6 Apr 2020 10:35:50 GMT" time="12.099" errors="0">
  <testcase name="testCreateNewProject" time="4.419" classname="com.practice.createproject.CreateNewProject">
    <failure type="org.openqa.selenium.NoSuchElementException" message="Cannot locate element with text: Bicycle6
For documentation on this error, please visit: http://seleniumhq.org/exceptions/no_such_element.html
Build info: version: &amp;apos;3.14.0&amp;apos;, revision: &amp;apos;aacccce0&amp;apos;, time: &amp;apos;2018-08-02T20:13:22.693Z&amp;apos;
System info: host: &amp;apos;LAPTOP-U74TRLLP&amp;apos;, ip: &amp;apos;192.168.43.46&amp;apos;, os.name: &amp;apos;Windows 10&amp;apos;, os.arch: &amp;apos;amd64&amp;apos;, os.version: &amp;apos;10.0&amp;apos;, java.version: &amp;apos;1.8.0_66&amp;apos;
Driver info: driver.version: unknown">
      <![CDATA[org.openqa.selenium.NoSuchElementException: Cannot locate element with text: Bicycle6
For documentation on this error, please visit: http://seleniumhq.org/exceptions/no_such_element.html
Build info: version: '3.14.0', revision: 'aacccce0', time: '2018-08-02T20:13:22.693Z'
System info: host: 'LAPTOP-U74TRLLP', ip: '192.168.43.46', os.name: 'Windows 10', os.arch: 'amd64', os.version: '10.0', java.version: '1.8.0_66'
Driver info: driver.version: unknown
	at org.openqa.selenium.support.ui.Select.selectByVisibleText(Select.java:151)
	at com.practice.webpages.AddNewProject.selectcustomerName(AddNewProject.java:29)
	at com.practice.createproject.CreateNewProject.testCreateNewProject(CreateNewProject.java:33)
... Removed 24 stack frames]]>
    </failure>
  </testcase> <!-- testCreateNewProject -->
</testsuite> <!-- Test2 -->
